/home/m1/23CS60R48/MTP/local_spatial
no change     /home/m1/23CS60R48/anaconda3/condabin/conda
no change     /home/m1/23CS60R48/anaconda3/bin/conda
no change     /home/m1/23CS60R48/anaconda3/bin/conda-env
no change     /home/m1/23CS60R48/anaconda3/bin/activate
no change     /home/m1/23CS60R48/anaconda3/bin/deactivate
no change     /home/m1/23CS60R48/anaconda3/etc/profile.d/conda.sh
no change     /home/m1/23CS60R48/anaconda3/etc/fish/conf.d/conda.fish
no change     /home/m1/23CS60R48/anaconda3/shell/condabin/Conda.psm1
no change     /home/m1/23CS60R48/anaconda3/shell/condabin/conda-hook.ps1
no change     /home/m1/23CS60R48/anaconda3/lib/python3.11/site-packages/xontrib/conda.xsh
no change     /home/m1/23CS60R48/anaconda3/etc/profile.d/conda.csh
no change     /home/m1/23CS60R48/.bashrc
No action taken.

CondaError: Run 'conda init' before 'conda activate'

Loading features...
Loading labels...
Performing feature selection...
Scaling features...
Performing RandomizedSearchCV...
Fitting 5 folds for each of 20 candidates, totalling 100 fits
Best parameters found:  {'subsample': 0.6, 'num_leaves': 7, 'n_estimators': 50, 'min_child_samples': 5, 'max_depth': -1, 'learning_rate': 0.01, 'colsample_bytree': 0.8}
Best cross-validation score (RMSE): 354.90
RMSE on held-out set: 380.00848742467934
Predicting on validation set...
CSV file '../local_predictions/Light_GBM/t1_Light_GBM.csv' created successfully.
Model saved to ./GBM_model/t1_Light_GBM_model.txt
Feature Importances:
    Value  Feature
0       0        0
1       0        4
2       0        5
3       0        9
4       0       17
5       0       18
6       1        2
7       1       14
8       2        7
9       3       11
10      5        3
11     11       16
12     18       13
13     20       15
14     27        6
15     31       12
16     32       19
17     40        8
18     53       10
19     56        1
Feature importance plot saved as 'feature_importances.png'
[CV] END colsample_bytree=0.6, learning_rate=0.1, max_depth=7, min_child_samples=10, n_estimators=200, num_leaves=15, subsample=1.0; total time=   0.7s
[CV] END colsample_bytree=0.6, learning_rate=0.1, max_depth=7, min_child_samples=10, n_estimators=200, num_leaves=15, subsample=1.0; total time=   0.8s
[CV] END colsample_bytree=0.6, learning_rate=0.1, max_depth=7, min_child_samples=10, n_estimators=200, num_leaves=15, subsample=1.0; total time=   0.7s
[CV] END colsample_bytree=0.8, learning_rate=0.01, max_depth=-1, min_child_samples=20, n_estimators=200, num_leaves=31, subsample=0.8; total time=   0.4s
[CV] END colsample_bytree=0.8, learning_rate=0.01, max_depth=-1, min_child_samples=20, n_estimators=200, num_leaves=31, subsample=0.8; total time=   0.4s
[CV] END colsample_bytree=0.8, learning_rate=0.01, max_depth=5, min_child_samples=20, n_estimators=200, num_leaves=15, subsample=1.0; total time=   0.4s
[CV] END colsample_bytree=0.8, learning_rate=0.01, max_depth=5, min_child_samples=20, n_estimators=200, num_leaves=15, subsample=1.0; total time=   0.4s
[CV] END colsample_bytree=0.8, learning_rate=0.01, max_depth=5, min_child_samples=20, n_estimators=200, num_leaves=15, subsample=1.0; total time=   0.4s
[CV] END colsample_bytree=0.8, learning_rate=0.01, max_depth=5, min_child_samples=10, n_estimators=100, num_leaves=31, subsample=0.6; total time=   0.3s
[CV] END colsample_bytree=0.8, learning_rate=0.01, max_depth=5, min_child_samples=10, n_estimators=100, num_leaves=31, subsample=0.6; total time=   0.3s
[CV] END colsample_bytree=0.8, learning_rate=0.1, max_depth=3, min_child_samples=5, n_estimators=200, num_leaves=7, subsample=0.6; total time=   0.3s
[CV] END colsample_bytree=0.8, learning_rate=0.1, max_depth=3, min_child_samples=5, n_estimators=200, num_leaves=7, subsample=0.6; total time=   0.3s
[CV] END colsample_bytree=0.8, learning_rate=0.1, max_depth=3, min_child_samples=5, n_estimators=200, num_leaves=7, subsample=0.6; total time=   0.4s
[CV] END colsample_bytree=1.0, learning_rate=0.01, max_depth=7, min_child_samples=20, n_estimators=100, num_leaves=7, subsample=0.6; total time=   0.2s
[CV] END colsample_bytree=1.0, learning_rate=0.01, max_depth=7, min_child_samples=20, n_estimators=100, num_leaves=7, subsample=0.6; total time=   0.2s
[CV] END colsample_bytree=0.6, learning_rate=0.05, max_depth=5, min_child_samples=20, n_estimators=50, num_leaves=31, subsample=0.8; total time=   0.1s
[CV] END colsample_bytree=0.6, learning_rate=0.05, max_depth=5, min_child_samples=20, n_estimators=50, num_leaves=31, subsample=0.8; total time=   0.1s
[CV] END colsample_bytree=0.8, learning_rate=0.01, max_depth=-1, min_child_samples=5, n_estimators=200, num_leaves=15, subsample=1.0; total time=   1.0s
[CV] END colsample_bytree=0.8, learning_rate=0.01, max_depth=-1, min_child_samples=5, n_estimators=200, num_leaves=15, subsample=1.0; total time=   1.0s
[CV] END colsample_bytree=0.8, learning_rate=0.01, max_depth=-1, min_child_samples=5, n_estimators=200, num_leaves=15, subsample=1.0; total time=   1.0s
[CV] END colsample_bytree=0.8, learning_rate=0.05, max_depth=7, min_child_samples=5, n_estimators=200, num_leaves=31, subsample=0.6; total time=   0.9s
[CV] END colsample_bytree=0.8, learning_rate=0.05, max_depth=7, min_child_samples=5, n_estimators=200, num_leaves=31, subsample=0.6; total time=   1.0s
[CV] END colsample_bytree=1.0, learning_rate=0.01, max_depth=7, min_child_samples=10, n_estimators=50, num_leaves=7, subsample=1.0; total time=   0.1s
[CV] END colsample_bytree=1.0, learning_rate=0.01, max_depth=7, min_child_samples=10, n_estimators=50, num_leaves=7, subsample=1.0; total time=   0.1s
[CV] END colsample_bytree=1.0, learning_rate=0.01, max_depth=7, min_child_samples=10, n_estimators=50, num_leaves=7, subsample=1.0; total time=   0.1s
[CV] END colsample_bytree=1.0, learning_rate=0.01, max_depth=7, min_child_samples=10, n_estimators=50, num_leaves=7, subsample=1.0; total time=   0.1s
[CV] END colsample_bytree=1.0, learning_rate=0.01, max_depth=7, min_child_samples=10, n_estimators=50, num_leaves=7, subsample=1.0; total time=   0.1s
[CV] END colsample_bytree=0.6, learning_rate=0.01, max_depth=5, min_child_samples=10, n_estimators=200, num_leaves=15, subsample=0.8; total time=   0.7s
[CV] END colsample_bytree=0.6, learning_rate=0.01, max_depth=5, min_child_samples=10, n_estimators=200, num_leaves=15, subsample=0.8; total time=   0.7s
[CV] END colsample_bytree=0.6, learning_rate=0.01, max_depth=5, min_child_samples=10, n_estimators=200, num_leaves=15, subsample=0.8; total time=   0.6s
[CV] END colsample_bytree=0.8, learning_rate=0.1, max_depth=3, min_child_samples=20, n_estimators=100, num_leaves=7, subsample=1.0; total time=   0.1s
[CV] END colsample_bytree=0.6, learning_rate=0.1, max_depth=5, min_child_samples=10, n_estimators=100, num_leaves=15, subsample=0.8; total time=   0.3s
[CV] END colsample_bytree=0.6, learning_rate=0.1, max_depth=5, min_child_samples=10, n_estimators=100, num_leaves=15, subsample=0.8; total time=   0.3s
[CV] END colsample_bytree=0.6, learning_rate=0.1, max_depth=5, min_child_samples=10, n_estimators=100, num_leaves=15, subsample=0.8; total time=   0.3s
[CV] END colsample_bytree=1.0, learning_rate=0.05, max_depth=5, min_child_samples=10, n_estimators=100, num_leaves=31, subsample=0.6; total time=   0.3s
[CV] END colsample_bytree=1.0, learning_rate=0.05, max_depth=5, min_child_samples=10, n_estimators=100, num_leaves=31, subsample=0.6; total time=   0.3s
[CV] END colsample_bytree=0.8, learning_rate=0.05, max_depth=7, min_child_samples=20, n_estimators=50, num_leaves=15, subsample=0.6; total time=   0.1s
[CV] END colsample_bytree=0.8, learning_rate=0.05, max_depth=7, min_child_samples=20, n_estimators=50, num_leaves=15, subsample=0.6; total time=   0.1s
[CV] END colsample_bytree=1.0, learning_rate=0.1, max_depth=-1, min_child_samples=5, n_estimators=200, num_leaves=7, subsample=0.6; total time=   0.5s
[CV] END colsample_bytree=1.0, learning_rate=0.1, max_depth=-1, min_child_samples=5, n_estimators=200, num_leaves=7, subsample=0.6; total time=   0.5s
[CV] END colsample_bytree=1.0, learning_rate=0.1, max_depth=-1, min_child_samples=5, n_estimators=200, num_leaves=7, subsample=0.6; total time=   0.5s
[CV] END colsample_bytree=1.0, learning_rate=0.05, max_depth=7, min_child_samples=5, n_estimators=50, num_leaves=15, subsample=0.6; total time=   0.2s
[CV] END colsample_bytree=1.0, learning_rate=0.05, max_depth=7, min_child_samples=5, n_estimators=50, num_leaves=15, subsample=0.6; total time=   0.2s
[CV] END colsample_bytree=0.8, learning_rate=0.01, max_depth=-1, min_child_samples=5, n_estimators=50, num_leaves=7, subsample=0.6; total time=   0.1s
[CV] END colsample_bytree=0.8, learning_rate=0.01, max_depth=-1, min_child_samples=5, n_estimators=50, num_leaves=7, subsample=0.6; total time=   0.1s
[CV] END colsample_bytree=0.6, learning_rate=0.1, max_depth=-1, min_child_samples=20, n_estimators=100, num_leaves=7, subsample=0.8; total time=   0.3s
[CV] END colsample_bytree=0.6, learning_rate=0.1, max_depth=-1, min_child_samples=20, n_estimators=100, num_leaves=7, subsample=0.8; total time=   0.2s
[CV] END colsample_bytree=0.6, learning_rate=0.1, max_depth=7, min_child_samples=10, n_estimators=200, num_leaves=15, subsample=1.0; total time=   0.8s
[CV] END colsample_bytree=0.6, learning_rate=0.1, max_depth=7, min_child_samples=10, n_estimators=200, num_leaves=15, subsample=1.0; total time=   0.8s
[CV] END colsample_bytree=0.8, learning_rate=0.01, max_depth=-1, min_child_samples=20, n_estimators=200, num_leaves=31, subsample=0.8; total time=   0.4s
[CV] END colsample_bytree=0.8, learning_rate=0.01, max_depth=-1, min_child_samples=20, n_estimators=200, num_leaves=31, subsample=0.8; total time=   0.5s
[CV] END colsample_bytree=0.8, learning_rate=0.01, max_depth=-1, min_child_samples=20, n_estimators=200, num_leaves=31, subsample=0.8; total time=   0.4s
[CV] END colsample_bytree=0.8, learning_rate=0.01, max_depth=5, min_child_samples=20, n_estimators=200, num_leaves=15, subsample=1.0; total time=   0.4s
[CV] END colsample_bytree=0.8, learning_rate=0.01, max_depth=5, min_child_samples=20, n_estimators=200, num_leaves=15, subsample=1.0; total time=   0.4s
[CV] END colsample_bytree=0.8, learning_rate=0.01, max_depth=5, min_child_samples=10, n_estimators=100, num_leaves=31, subsample=0.6; total time=   0.4s
[CV] END colsample_bytree=0.8, learning_rate=0.01, max_depth=5, min_child_samples=10, n_estimators=100, num_leaves=31, subsample=0.6; total time=   0.3s
[CV] END colsample_bytree=0.8, learning_rate=0.01, max_depth=5, min_child_samples=10, n_estimators=100, num_leaves=31, subsample=0.6; total time=   0.4s
[CV] END colsample_bytree=0.8, learning_rate=0.1, max_depth=3, min_child_samples=5, n_estimators=200, num_leaves=7, subsample=0.6; total time=   0.3s
[CV] END colsample_bytree=0.8, learning_rate=0.1, max_depth=3, min_child_samples=5, n_estimators=200, num_leaves=7, subsample=0.6; total time=   0.4s
[CV] END colsample_bytree=1.0, learning_rate=0.01, max_depth=7, min_child_samples=20, n_estimators=100, num_leaves=7, subsample=0.6; total time=   0.2s
[CV] END colsample_bytree=1.0, learning_rate=0.01, max_depth=7, min_child_samples=20, n_estimators=100, num_leaves=7, subsample=0.6; total time=   0.2s
[CV] END colsample_bytree=1.0, learning_rate=0.01, max_depth=7, min_child_samples=20, n_estimators=100, num_leaves=7, subsample=0.6; total time=   0.2s
[CV] END colsample_bytree=0.6, learning_rate=0.05, max_depth=5, min_child_samples=20, n_estimators=50, num_leaves=31, subsample=0.8; total time=   0.1s
[CV] END colsample_bytree=0.6, learning_rate=0.05, max_depth=5, min_child_samples=20, n_estimators=50, num_leaves=31, subsample=0.8; total time=   0.1s
[CV] END colsample_bytree=0.6, learning_rate=0.05, max_depth=5, min_child_samples=20, n_estimators=50, num_leaves=31, subsample=0.8; total time=   0.1s
[CV] END colsample_bytree=0.8, learning_rate=0.01, max_depth=-1, min_child_samples=5, n_estimators=200, num_leaves=15, subsample=1.0; total time=   1.0s
[CV] END colsample_bytree=0.8, learning_rate=0.01, max_depth=-1, min_child_samples=5, n_estimators=200, num_leaves=15, subsample=1.0; total time=   1.0s
[CV] END colsample_bytree=0.6, learning_rate=0.05, max_depth=3, min_child_samples=5, n_estimators=50, num_leaves=31, subsample=0.6; total time=   0.1s
[CV] END colsample_bytree=0.6, learning_rate=0.05, max_depth=3, min_child_samples=5, n_estimators=50, num_leaves=31, subsample=0.6; total time=   0.1s
[CV] END colsample_bytree=0.6, learning_rate=0.05, max_depth=3, min_child_samples=5, n_estimators=50, num_leaves=31, subsample=0.6; total time=   0.1s
[CV] END colsample_bytree=0.6, learning_rate=0.05, max_depth=3, min_child_samples=5, n_estimators=50, num_leaves=31, subsample=0.6; total time=   0.1s
[CV] END colsample_bytree=0.6, learning_rate=0.05, max_depth=3, min_child_samples=5, n_estimators=50, num_leaves=31, subsample=0.6; total time=   0.1s
[CV] END colsample_bytree=0.8, learning_rate=0.05, max_depth=7, min_child_samples=5, n_estimators=200, num_leaves=31, subsample=0.6; total time=   1.0s
[CV] END colsample_bytree=0.8, learning_rate=0.05, max_depth=7, min_child_samples=5, n_estimators=200, num_leaves=31, subsample=0.6; total time=   0.9s
[CV] END colsample_bytree=0.8, learning_rate=0.05, max_depth=7, min_child_samples=5, n_estimators=200, num_leaves=31, subsample=0.6; total time=   1.1s
[CV] END colsample_bytree=0.6, learning_rate=0.01, max_depth=5, min_child_samples=10, n_estimators=200, num_leaves=15, subsample=0.8; total time=   0.6s
[CV] END colsample_bytree=0.6, learning_rate=0.01, max_depth=5, min_child_samples=10, n_estimators=200, num_leaves=15, subsample=0.8; total time=   0.8s
[CV] END colsample_bytree=0.8, learning_rate=0.1, max_depth=3, min_child_samples=20, n_estimators=100, num_leaves=7, subsample=1.0; total time=   0.2s
[CV] END colsample_bytree=0.8, learning_rate=0.1, max_depth=3, min_child_samples=20, n_estimators=100, num_leaves=7, subsample=1.0; total time=   0.1s
[CV] END colsample_bytree=0.8, learning_rate=0.1, max_depth=3, min_child_samples=20, n_estimators=100, num_leaves=7, subsample=1.0; total time=   0.2s
[CV] END colsample_bytree=0.8, learning_rate=0.1, max_depth=3, min_child_samples=20, n_estimators=100, num_leaves=7, subsample=1.0; total time=   0.2s
[CV] END colsample_bytree=0.6, learning_rate=0.1, max_depth=5, min_child_samples=10, n_estimators=100, num_leaves=15, subsample=0.8; total time=   0.3s
[CV] END colsample_bytree=0.6, learning_rate=0.1, max_depth=5, min_child_samples=10, n_estimators=100, num_leaves=15, subsample=0.8; total time=   0.3s
[CV] END colsample_bytree=1.0, learning_rate=0.05, max_depth=5, min_child_samples=10, n_estimators=100, num_leaves=31, subsample=0.6; total time=   0.3s
[CV] END colsample_bytree=1.0, learning_rate=0.05, max_depth=5, min_child_samples=10, n_estimators=100, num_leaves=31, subsample=0.6; total time=   0.3s
[CV] END colsample_bytree=1.0, learning_rate=0.05, max_depth=5, min_child_samples=10, n_estimators=100, num_leaves=31, subsample=0.6; total time=   0.3s
[CV] END colsample_bytree=0.8, learning_rate=0.05, max_depth=7, min_child_samples=20, n_estimators=50, num_leaves=15, subsample=0.6; total time=   0.1s
[CV] END colsample_bytree=0.8, learning_rate=0.05, max_depth=7, min_child_samples=20, n_estimators=50, num_leaves=15, subsample=0.6; total time=   0.1s
[CV] END colsample_bytree=0.8, learning_rate=0.05, max_depth=7, min_child_samples=20, n_estimators=50, num_leaves=15, subsample=0.6; total time=   0.1s
[CV] END colsample_bytree=1.0, learning_rate=0.1, max_depth=-1, min_child_samples=5, n_estimators=200, num_leaves=7, subsample=0.6; total time=   0.5s
[CV] END colsample_bytree=1.0, learning_rate=0.1, max_depth=-1, min_child_samples=5, n_estimators=200, num_leaves=7, subsample=0.6; total time=   0.5s
[CV] END colsample_bytree=1.0, learning_rate=0.05, max_depth=7, min_child_samples=5, n_estimators=50, num_leaves=15, subsample=0.6; total time=   0.2s
[CV] END colsample_bytree=1.0, learning_rate=0.05, max_depth=7, min_child_samples=5, n_estimators=50, num_leaves=15, subsample=0.6; total time=   0.2s
[CV] END colsample_bytree=1.0, learning_rate=0.05, max_depth=7, min_child_samples=5, n_estimators=50, num_leaves=15, subsample=0.6; total time=   0.2s
[CV] END colsample_bytree=0.8, learning_rate=0.01, max_depth=-1, min_child_samples=5, n_estimators=50, num_leaves=7, subsample=0.6; total time=   0.1s
[CV] END colsample_bytree=0.8, learning_rate=0.01, max_depth=-1, min_child_samples=5, n_estimators=50, num_leaves=7, subsample=0.6; total time=   0.1s
[CV] END colsample_bytree=0.8, learning_rate=0.01, max_depth=-1, min_child_samples=5, n_estimators=50, num_leaves=7, subsample=0.6; total time=   0.1s
[CV] END colsample_bytree=0.6, learning_rate=0.1, max_depth=-1, min_child_samples=20, n_estimators=100, num_leaves=7, subsample=0.8; total time=   0.2s
[CV] END colsample_bytree=0.6, learning_rate=0.1, max_depth=-1, min_child_samples=20, n_estimators=100, num_leaves=7, subsample=0.8; total time=   0.2s
[CV] END colsample_bytree=0.6, learning_rate=0.1, max_depth=-1, min_child_samples=20, n_estimators=100, num_leaves=7, subsample=0.8; total time=   0.2s
